DATE:29/4/2016 19:34:15-USER:-CMD:PrepararAmbiente-TYPE:INFO-MSJ:Variable LOGSIZE inicializada con valor 10000 
DATE:29/4/2016 19:34:15-USER:-CMD:PrepararAmbiente-TYPE:INFO-MSJ:Variable SLEEPTIME inicializada con valor 5 
DATE:29/4/2016 19:34:15-USER:tobias-CMD:PrepararAmbiente-TYPE:INFO-MSJ:Estado del Sistema: INICIALIZADO 
DATE:29/4/2016 20:24:49-USER:-CMD:PrepararAmbiente-TYPE:INFO-MSJ:Variable LOGSIZE inicializada con valor 10000 
DATE:29/4/2016 20:24:49-USER:-CMD:PrepararAmbiente-TYPE:INFO-MSJ:Variable SLEEPTIME inicializada con valor 5 
DATE:29/4/2016 20:24:49-USER:federico-CMD:PrepararAmbiente-TYPE:INFO-MSJ:Estado del Sistema: INICIALIZADO 
DATE:29/4/2016 20:28:48-USER:-CMD:PrepararAmbiente-TYPE:INFO-MSJ:Variable LOGSIZE inicializada con valor 10000 
DATE:29/4/2016 20:28:48-USER:-CMD:PrepararAmbiente-TYPE:INFO-MSJ:Variable SLEEPTIME inicializada con valor 5 
DATE:29/4/2016 20:28:48-USER:federico-CMD:PrepararAmbiente-TYPE:INFO-MSJ:Estado del Sistema: INICIALIZADO 
DATE:29/4/2016 20:42:54-USER:-CMD:PrepararAmbiente-TYPE:INFO-MSJ:Variable LOGSIZE inicializada con valor 10000 
DATE:29/4/2016 20:42:54-USER:-CMD:PrepararAmbiente-TYPE:INFO-MSJ:Variable SLEEPTIME inicializada con valor 5 
DATE:29/4/2016 20:42:54-USER:federico-CMD:PrepararAmbiente-TYPE:INFO-MSJ:Estado del Sistema: INICIALIZADO 
DATE:29/4/2016 20:43:30-USER:-CMD:PrepararAmbiente-TYPE:INFO-MSJ:Variable LOGSIZE inicializada con valor 10000 
DATE:29/4/2016 20:43:30-USER:-CMD:PrepararAmbiente-TYPE:INFO-MSJ:Variable SLEEPTIME inicializada con valor 5 
DATE:29/4/2016 20:43:30-USER:federico-CMD:PrepararAmbiente-TYPE:INFO-MSJ:Estado del Sistema: INICIALIZADO 
DATE:29/4/2016 20:47:35-USER:-CMD:PrepararAmbiente-TYPE:INFO-MSJ:Variable LOGSIZE inicializada con valor 10000 
DATE:29/4/2016 20:47:35-USER:-CMD:PrepararAmbiente-TYPE:INFO-MSJ:Variable SLEEPTIME inicializada con valor 5 
DATE:29/4/2016 20:47:35-USER:federico-CMD:PrepararAmbiente-TYPE:INFO-MSJ:Estado del Sistema: INICIALIZADO 
DATE:29/4/2016 20:50:6-USER:-CMD:PrepararAmbiente-TYPE:INFO-MSJ:Variable LOGSIZE inicializada con valor 10000 
DATE:29/4/2016 20:50:6-USER:-CMD:PrepararAmbiente-TYPE:INFO-MSJ:Variable SLEEPTIME inicializada con valor 5 
DATE:29/4/2016 20:50:6-USER:federico-CMD:PrepararAmbiente-TYPE:INFO-MSJ:Estado del Sistema: INICIALIZADO 
DATE:29/4/2016 20:51:15-USER:-CMD:PrepararAmbiente-TYPE:INFO-MSJ:Variable LOGSIZE inicializada con valor 10000 
DATE:29/4/2016 20:51:15-USER:-CMD:PrepararAmbiente-TYPE:INFO-MSJ:Variable SLEEPTIME inicializada con valor 5 
DATE:29/4/2016 20:51:15-USER:federico-CMD:PrepararAmbiente-TYPE:INFO-MSJ:Estado del Sistema: INICIALIZADO 
DATE:29/4/2016 22:7:19-USER:-CMD:PrepararAmbiente-TYPE:INFO-MSJ:Variable LOGSIZE inicializada con valor 10000 
DATE:29/4/2016 22:7:19-USER:-CMD:PrepararAmbiente-TYPE:INFO-MSJ:Variable SLEEPTIME inicializada con valor 5 
DATE:29/4/2016 22:7:19-USER:federico-CMD:PrepararAmbiente-TYPE:INFO-MSJ:Directorio /home/federico/Escritorio/cipal/Grupo08/informes no encontrado. Creando directorio. 
DATE:29/4/2016 22:7:19-USER:federico-CMD:PrepararAmbiente-TYPE:INFO-MSJ:Estado del Sistema: INICIALIZADO 
DATE:29/4/2016 22:7:42-USER:-CMD:PrepararAmbiente-TYPE:INFO-MSJ:Variable LOGSIZE inicializada con valor 10000 
DATE:29/4/2016 22:7:42-USER:-CMD:PrepararAmbiente-TYPE:INFO-MSJ:Variable SLEEPTIME inicializada con valor 5 
DATE:29/4/2016 22:7:42-USER:federico-CMD:PrepararAmbiente-TYPE:INFO-MSJ:Estado del Sistema: INICIALIZADO 
DATE:29/4/2016 22:9:40-USER:-CMD:PrepararAmbiente-TYPE:INFO-MSJ:Variable LOGSIZE inicializada con valor 10000 
DATE:29/4/2016 22:9:40-USER:-CMD:PrepararAmbiente-TYPE:INFO-MSJ:Variable SLEEPTIME inicializada con valor 5 
DATE:29/4/2016 22:9:40-USER:federico-CMD:PrepararAmbiente-TYPE:INFO-MSJ:Estado del Sistema: INICIALIZADO 
DATE:29/4/2016 22:10:1-USER:-CMD:PrepararAmbiente-TYPE:INFO-MSJ:Variable GRUPO inicializada con valor /home/federico/Escritorio/cipal/Grupo08 
DATE:29/4/2016 22:10:1-USER:-CMD:PrepararAmbiente-TYPE:INFO-MSJ:Variable BINDIR inicializada con valor /home/federico/Escritorio/cipal/Grupo08/binarios 
DATE:29/4/2016 22:10:1-USER:-CMD:PrepararAmbiente-TYPE:INFO-MSJ:Variable MAEDIR inicializada con valor /home/federico/Escritorio/cipal/Grupo08/maestros 
DATE:29/4/2016 22:10:1-USER:-CMD:PrepararAmbiente-TYPE:INFO-MSJ:Variable ARRIDIR inicializada con valor /home/federico/Escritorio/cipal/Grupo08/arribados 
DATE:29/4/2016 22:10:1-USER:-CMD:PrepararAmbiente-TYPE:INFO-MSJ:Variable OKDIR inicializada con valor /home/federico/Escritorio/cipal/Grupo08/aceptados 
DATE:29/4/2016 22:10:1-USER:-CMD:PrepararAmbiente-TYPE:INFO-MSJ:Variable PROCDIR inicializada con valor /home/federico/Escritorio/cipal/Grupo08/procesados 
DATE:29/4/2016 22:10:1-USER:-CMD:PrepararAmbiente-TYPE:INFO-MSJ:Variable INFODIR inicializada con valor /home/federico/Escritorio/cipal/Grupo08/informes 
DATE:29/4/2016 22:10:1-USER:-CMD:PrepararAmbiente-TYPE:INFO-MSJ:Variable LOGDIR inicializada con valor /home/federico/Escritorio/cipal/Grupo08/bitacoras 
DATE:29/4/2016 22:10:1-USER:-CMD:PrepararAmbiente-TYPE:INFO-MSJ:Variable NOKDIR inicializada con valor /home/federico/Escritorio/cipal/Grupo08/rechazados 
DATE:29/4/2016 22:10:1-USER:-CMD:PrepararAmbiente-TYPE:INFO-MSJ:Variable BCKP inicializada con valor /home/federico/Escritorio/cipal/Grupo08/backup 
DATE:29/4/2016 22:10:1-USER:-CMD:PrepararAmbiente-TYPE:INFO-MSJ:Variable LOGSIZE inicializada con valor 10000 
DATE:29/4/2016 22:10:1-USER:-CMD:PrepararAmbiente-TYPE:INFO-MSJ:Variable SLEEPTIME inicializada con valor 5 
DATE:29/4/2016 22:10:1-USER:federico-CMD:PrepararAmbiente-TYPE:INFO-MSJ:Estado del Sistema: INICIALIZADO 
DATE:29/4/2016 22:10:35-USER:-CMD:PrepararAmbiente-TYPE:INFO-MSJ:Variable LOGSIZE inicializada con valor 10000 
DATE:29/4/2016 22:10:35-USER:-CMD:PrepararAmbiente-TYPE:INFO-MSJ:Variable SLEEPTIME inicializada con valor 5 
DATE:29/4/2016 22:10:35-USER:federico-CMD:PrepararAmbiente-TYPE:INFO-MSJ:Estado del Sistema: INICIALIZADO 
DATE:29/4/2016 22:34:1-USER:-CMD:PrepararAmbiente-TYPE:INFO-MSJ:Variable LOGSIZE inicializada con valor 10000 
DATE:29/4/2016 22:34:1-USER:-CMD:PrepararAmbiente-TYPE:INFO-MSJ:Variable SLEEPTIME inicializada con valor 5 
DATE:29/4/2016 22:34:1-USER:federico-CMD:PrepararAmbiente-TYPE:INFO-MSJ:Estado del Sistema: INICIALIZADO 
DATE:29/4/2016 22:34:7-USER:-CMD:PrepararAmbiente-TYPE:INFO-MSJ:Variable GRUPO inicializada con valor /home/federico/Escritorio/cipal/Grupo08 
DATE:29/4/2016 22:34:7-USER:-CMD:PrepararAmbiente-TYPE:INFO-MSJ:Variable BINDIR inicializada con valor /home/federico/Escritorio/cipal/Grupo08/binarios 
DATE:29/4/2016 22:34:7-USER:-CMD:PrepararAmbiente-TYPE:INFO-MSJ:Variable MAEDIR inicializada con valor /home/federico/Escritorio/cipal/Grupo08/maestros 
DATE:29/4/2016 22:34:7-USER:-CMD:PrepararAmbiente-TYPE:INFO-MSJ:Variable ARRIDIR inicializada con valor /home/federico/Escritorio/cipal/Grupo08/arribados 
DATE:29/4/2016 22:34:7-USER:-CMD:PrepararAmbiente-TYPE:INFO-MSJ:Variable OKDIR inicializada con valor /home/federico/Escritorio/cipal/Grupo08/aceptados 
DATE:29/4/2016 22:34:7-USER:-CMD:PrepararAmbiente-TYPE:INFO-MSJ:Variable PROCDIR inicializada con valor /home/federico/Escritorio/cipal/Grupo08/procesados 
DATE:29/4/2016 22:34:7-USER:-CMD:PrepararAmbiente-TYPE:INFO-MSJ:Variable INFODIR inicializada con valor /home/federico/Escritorio/cipal/Grupo08/informes 
DATE:29/4/2016 22:34:7-USER:-CMD:PrepararAmbiente-TYPE:INFO-MSJ:Variable LOGDIR inicializada con valor /home/federico/Escritorio/cipal/Grupo08/bitacoras 
DATE:29/4/2016 22:34:7-USER:-CMD:PrepararAmbiente-TYPE:INFO-MSJ:Variable NOKDIR inicializada con valor /home/federico/Escritorio/cipal/Grupo08/rechazados 
DATE:29/4/2016 22:34:7-USER:-CMD:PrepararAmbiente-TYPE:INFO-MSJ:Variable BCKP inicializada con valor /home/federico/Escritorio/cipal/Grupo08/backup 
DATE:29/4/2016 22:34:7-USER:-CMD:PrepararAmbiente-TYPE:INFO-MSJ:Variable LOGSIZE inicializada con valor 10000 
DATE:29/4/2016 22:34:7-USER:-CMD:PrepararAmbiente-TYPE:INFO-MSJ:Variable SLEEPTIME inicializada con valor 5 
DATE:29/4/2016 22:34:7-USER:federico-CMD:PrepararAmbiente-TYPE:INFO-MSJ:Estado del Sistema: INICIALIZADO 
DATE:29/4/2016 22:35:38-USER:-CMD:PrepararAmbiente-TYPE:INFO-MSJ:Variable LOGSIZE inicializada con valor 10000 
DATE:29/4/2016 22:35:38-USER:-CMD:PrepararAmbiente-TYPE:INFO-MSJ:Variable SLEEPTIME inicializada con valor 5 
DATE:29/4/2016 22:35:38-USER:federico-CMD:PrepararAmbiente-TYPE:INFO-MSJ:Estado del Sistema: INICIALIZADO 
DATE:2/5/2016 17:48:31-USER:-CMD:PrepararAmbiente-TYPE:INFO-MSJ:Variable LOGSIZE inicializada con valor 10000 
DATE:2/5/2016 17:48:31-USER:-CMD:PrepararAmbiente-TYPE:INFO-MSJ:Variable SLEEPTIME inicializada con valor 5 
DATE:2/5/2016 17:48:31-USER:federico-CMD:PrepararAmbiente-TYPE:INFO-MSJ:Estado del Sistema: INICIALIZADO 
DATE:2/5/2016 18:19:56-USER:-CMD:PrepararAmbiente-TYPE:INFO-MSJ:Variable LOGSIZE inicializada con valor 10000 
DATE:2/5/2016 18:19:56-USER:-CMD:PrepararAmbiente-TYPE:INFO-MSJ:Variable SLEEPTIME inicializada con valor 5 
DATE:2/5/2016 18:19:56-USER:federico-CMD:PrepararAmbiente-TYPE:INFO-MSJ:Estado del Sistema: INICIALIZADO 
DATE:2/5/2016 18:52:19-USER:-CMD:PrepararAmbiente-TYPE:INFO-MSJ:Variable LOGSIZE inicializada con valor 10000 
DATE:2/5/2016 18:52:19-USER:-CMD:PrepararAmbiente-TYPE:INFO-MSJ:Variable SLEEPTIME inicializada con valor 5 
DATE:2/5/2016 18:52:19-USER:federico-CMD:PrepararAmbiente-TYPE:INFO-MSJ:Estado del Sistema: INICIALIZADO 
DATE:2/5/2016 18:53:41-USER:-CMD:PrepararAmbiente-TYPE:INFO-MSJ:Variable LOGSIZE inicializada con valor 10000 
DATE:2/5/2016 18:53:41-USER:-CMD:PrepararAmbiente-TYPE:INFO-MSJ:Variable SLEEPTIME inicializada con valor 5 
DATE:2/5/2016 18:53:41-USER:federico-CMD:PrepararAmbiente-TYPE:INFO-MSJ:Estado del Sistema: INICIALIZADO 
DATE:2/5/2016 18:55:6-USER:-CMD:PrepararAmbiente-TYPE:INFO-MSJ:Variable LOGSIZE inicializada con valor 10000 
DATE:2/5/2016 18:55:6-USER:-CMD:PrepararAmbiente-TYPE:INFO-MSJ:Variable SLEEPTIME inicializada con valor 5 
DATE:2/5/2016 18:55:6-USER:federico-CMD:PrepararAmbiente-TYPE:INFO-MSJ:Estado del Sistema: INICIALIZADO 
DATE:2/5/2016 18:57:27-USER:-CMD:PrepararAmbiente-TYPE:INFO-MSJ:Variable LOGSIZE inicializada con valor 10000 
DATE:2/5/2016 18:57:27-USER:-CMD:PrepararAmbiente-TYPE:INFO-MSJ:Variable SLEEPTIME inicializada con valor 5 
DATE:2/5/2016 18:57:27-USER:federico-CMD:PrepararAmbiente-TYPE:INFO-MSJ:Estado del Sistema: INICIALIZADO 
DATE:2/5/2016 19:35:29-USER:-CMD:PrepararAmbiente-TYPE:INFO-MSJ:Variable LOGSIZE inicializada con valor 10000 
DATE:2/5/2016 19:35:29-USER:-CMD:PrepararAmbiente-TYPE:INFO-MSJ:Variable SLEEPTIME inicializada con valor 5 
DATE:2/5/2016 19:35:29-USER:federico-CMD:PrepararAmbiente-TYPE:INFO-MSJ:Estado del Sistema: INICIALIZADO 
DATE:2/5/2016 19:40:9-USER:-CMD:PrepararAmbiente-TYPE:INFO-MSJ:Variable LOGSIZE inicializada con valor 10000 
DATE:2/5/2016 19:40:9-USER:-CMD:PrepararAmbiente-TYPE:INFO-MSJ:Variable SLEEPTIME inicializada con valor 5 
DATE:2/5/2016 19:40:9-USER:federico-CMD:PrepararAmbiente-TYPE:INFO-MSJ:Estado del Sistema: INICIALIZADO 
DATE:2/5/2016 19:55:58-USER:-CMD:PrepararAmbiente-TYPE:INFO-MSJ:Variable GRUPO inicializada con valor /home/federico/Escritorio/cipal/Grupo08 
DATE:2/5/2016 19:55:58-USER:-CMD:PrepararAmbiente-TYPE:INFO-MSJ:Variable BINDIR inicializada con valor /home/federico/Escritorio/cipal/Grupo08/binarios 
DATE:2/5/2016 19:55:58-USER:-CMD:PrepararAmbiente-TYPE:INFO-MSJ:Variable MAEDIR inicializada con valor /home/federico/Escritorio/cipal/Grupo08/maestros 
DATE:2/5/2016 19:55:58-USER:-CMD:PrepararAmbiente-TYPE:INFO-MSJ:Variable ARRIDIR inicializada con valor /home/federico/Escritorio/cipal/Grupo08/arribados 
DATE:2/5/2016 19:55:58-USER:-CMD:PrepararAmbiente-TYPE:INFO-MSJ:Variable OKDIR inicializada con valor /home/federico/Escritorio/cipal/Grupo08/aceptados 
DATE:2/5/2016 19:55:58-USER:-CMD:PrepararAmbiente-TYPE:INFO-MSJ:Variable PROCDIR inicializada con valor /home/federico/Escritorio/cipal/Grupo08/procesados 
DATE:2/5/2016 19:55:58-USER:-CMD:PrepararAmbiente-TYPE:INFO-MSJ:Variable INFODIR inicializada con valor /home/federico/Escritorio/cipal/Grupo08/informes 
DATE:2/5/2016 19:55:58-USER:-CMD:PrepararAmbiente-TYPE:INFO-MSJ:Variable LOGDIR inicializada con valor /home/federico/Escritorio/cipal/Grupo08/bitacoras 
DATE:2/5/2016 19:55:58-USER:-CMD:PrepararAmbiente-TYPE:INFO-MSJ:Variable NOKDIR inicializada con valor /home/federico/Escritorio/cipal/Grupo08/rechazados 
DATE:2/5/2016 19:55:58-USER:-CMD:PrepararAmbiente-TYPE:INFO-MSJ:Variable BCKP inicializada con valor /home/federico/Escritorio/cipal/Grupo08/backup 
DATE:2/5/2016 19:55:58-USER:-CMD:PrepararAmbiente-TYPE:INFO-MSJ:Variable LOGSIZE inicializada con valor 10000 
DATE:2/5/2016 19:55:58-USER:-CMD:PrepararAmbiente-TYPE:INFO-MSJ:Variable SLEEPTIME inicializada con valor 5 
DATE:2/5/2016 19:55:58-USER:federico-CMD:PrepararAmbiente-TYPE:INFO-MSJ:Estado del Sistema: INICIALIZADO 
DATE:2/5/2016 20:48:58-USER:-CMD:PrepararAmbiente-TYPE:INFO-MSJ:Variable GRUPO inicializada con valor /home/federico/Escritorio/cipal/Grupo08 
DATE:2/5/2016 20:48:58-USER:-CMD:PrepararAmbiente-TYPE:INFO-MSJ:Variable BINDIR inicializada con valor /home/federico/Escritorio/cipal/Grupo08/binarios 
DATE:2/5/2016 20:48:58-USER:-CMD:PrepararAmbiente-TYPE:INFO-MSJ:Variable MAEDIR inicializada con valor /home/federico/Escritorio/cipal/Grupo08/maestros 
DATE:2/5/2016 20:48:58-USER:-CMD:PrepararAmbiente-TYPE:INFO-MSJ:Variable ARRIDIR inicializada con valor /home/federico/Escritorio/cipal/Grupo08/arribados 
DATE:2/5/2016 20:48:58-USER:-CMD:PrepararAmbiente-TYPE:INFO-MSJ:Variable OKDIR inicializada con valor /home/federico/Escritorio/cipal/Grupo08/aceptados 
DATE:2/5/2016 20:48:58-USER:-CMD:PrepararAmbiente-TYPE:INFO-MSJ:Variable PROCDIR inicializada con valor /home/federico/Escritorio/cipal/Grupo08/procesados 
DATE:2/5/2016 20:48:58-USER:-CMD:PrepararAmbiente-TYPE:INFO-MSJ:Variable INFODIR inicializada con valor /home/federico/Escritorio/cipal/Grupo08/informes 
DATE:2/5/2016 20:48:58-USER:-CMD:PrepararAmbiente-TYPE:INFO-MSJ:Variable LOGDIR inicializada con valor /home/federico/Escritorio/cipal/Grupo08/bitacoras 
DATE:2/5/2016 20:48:58-USER:-CMD:PrepararAmbiente-TYPE:INFO-MSJ:Variable NOKDIR inicializada con valor /home/federico/Escritorio/cipal/Grupo08/rechazados 
DATE:2/5/2016 20:48:58-USER:-CMD:PrepararAmbiente-TYPE:INFO-MSJ:Variable BCKP inicializada con valor /home/federico/Escritorio/cipal/Grupo08/backup 
DATE:2/5/2016 20:48:58-USER:-CMD:PrepararAmbiente-TYPE:INFO-MSJ:Variable LOGSIZE inicializada con valor 10000 
DATE:2/5/2016 20:48:58-USER:-CMD:PrepararAmbiente-TYPE:INFO-MSJ:Variable SLEEPTIME inicializada con valor 5 
DATE:2/5/2016 20:48:58-USER:federico-CMD:PrepararAmbiente-TYPE:INFO-MSJ:Estado del Sistema: INICIALIZADO 
