DATE:2/5/2016 23:54:42-USER:-CMD:ProcesarOfertas-TYPE:INFO-MSJ:Inicio de ProcesarOfertas 
DATE:2/5/2016 23:54:42-USER:-CMD:ProcesarOfertas-TYPE:INFO-MSJ:Cantidad de archivos a procesar: 23 
DATE:2/5/2016 23:54:42-USER:-CMD:ProcesarOfertas-TYPE:INFO-MSJ:Se rechaza el archivo '3402_20160420.csv' por estar duplicado 
DATE:2/5/2016 23:54:42-USER:-CMD:ProcesarOfertas-TYPE:INFO-MSJ:Se rechaza el archivo '3500_20160420.csv' por estar duplicado 
DATE:2/5/2016 23:54:42-USER:-CMD:ProcesarOfertas-TYPE:INFO-MSJ:Archivo a procesar: 3505_20160421.csv 
DATE:2/5/2016 23:54:44-USER:-CMD:ProcesarOfertas-TYPE:INFO-MSJ:Registros leidos = 91: cantidad de ofertas validas 54: cantidad de ofertas rechazadas = 37 
DATE:2/5/2016 23:54:44-USER:-CMD:ProcesarOfertas-TYPE:INFO-MSJ:Archivo a procesar: 3510_20160420.csv 
DATE:2/5/2016 23:54:47-USER:-CMD:ProcesarOfertas-TYPE:INFO-MSJ:Registros leidos = 116: cantidad de ofertas validas 67: cantidad de ofertas rechazadas = 49 
DATE:2/5/2016 23:54:47-USER:-CMD:ProcesarOfertas-TYPE:INFO-MSJ:Archivo a procesar: 3520_20160422.csv 
DATE:2/5/2016 23:54:50-USER:-CMD:ProcesarOfertas-TYPE:INFO-MSJ:Registros leidos = 134: cantidad de ofertas validas 77: cantidad de ofertas rechazadas = 57 
DATE:2/5/2016 23:54:50-USER:-CMD:ProcesarOfertas-TYPE:INFO-MSJ:Archivo a procesar: 3718_20160420.csv 
DATE:2/5/2016 23:54:50-USER:-CMD:ProcesarOfertas-TYPE:INFO-MSJ:Registros leidos = 19: cantidad de ofertas validas 11: cantidad de ofertas rechazadas = 8 
DATE:2/5/2016 23:54:50-USER:-CMD:ProcesarOfertas-TYPE:INFO-MSJ:Archivo a procesar: 3722_20160423.csv 
DATE:2/5/2016 23:54:51-USER:-CMD:ProcesarOfertas-TYPE:INFO-MSJ:Registros leidos = 25: cantidad de ofertas validas 20: cantidad de ofertas rechazadas = 5 
DATE:2/5/2016 23:54:51-USER:-CMD:ProcesarOfertas-TYPE:INFO-MSJ:Archivo a procesar: 3724_20160420.csv 
DATE:2/5/2016 23:54:53-USER:-CMD:ProcesarOfertas-TYPE:INFO-MSJ:Registros leidos = 76: cantidad de ofertas validas 48: cantidad de ofertas rechazadas = 28 
DATE:2/5/2016 23:54:53-USER:-CMD:ProcesarOfertas-TYPE:INFO-MSJ:Archivo a procesar: 3729_20160424.csv 
DATE:2/5/2016 23:54:55-USER:-CMD:ProcesarOfertas-TYPE:INFO-MSJ:Registros leidos = 102: cantidad de ofertas validas 71: cantidad de ofertas rechazadas = 31 
DATE:2/5/2016 23:54:55-USER:-CMD:ProcesarOfertas-TYPE:INFO-MSJ:Archivo a procesar: 3732_20160420.csv 
DATE:2/5/2016 23:54:56-USER:-CMD:ProcesarOfertas-TYPE:INFO-MSJ:Registros leidos = 35: cantidad de ofertas validas 27: cantidad de ofertas rechazadas = 8 
DATE:2/5/2016 23:54:56-USER:-CMD:ProcesarOfertas-TYPE:INFO-MSJ:Archivo a procesar: 3735_20160425.csv 
DATE:2/5/2016 23:54:58-USER:-CMD:ProcesarOfertas-TYPE:INFO-MSJ:Registros leidos = 63: cantidad de ofertas validas 37: cantidad de ofertas rechazadas = 26 
DATE:2/5/2016 23:54:58-USER:-CMD:ProcesarOfertas-TYPE:INFO-MSJ:Archivo a procesar: 3739_20160420.csv 
DATE:2/5/2016 23:54:59-USER:-CMD:ProcesarOfertas-TYPE:INFO-MSJ:Registros leidos = 25: cantidad de ofertas validas 15: cantidad de ofertas rechazadas = 10 
DATE:2/5/2016 23:54:59-USER:-CMD:ProcesarOfertas-TYPE:INFO-MSJ:Archivo a procesar: 3741_20160426.csv 
DATE:2/5/2016 23:55:2-USER:-CMD:ProcesarOfertas-TYPE:INFO-MSJ:Registros leidos = 147: cantidad de ofertas validas 84: cantidad de ofertas rechazadas = 63 
DATE:2/5/2016 23:55:2-USER:-CMD:ProcesarOfertas-TYPE:INFO-MSJ:Archivo a procesar: 3744_20160420.csv 
DATE:2/5/2016 23:55:3-USER:-CMD:ProcesarOfertas-TYPE:INFO-MSJ:Registros leidos = 36: cantidad de ofertas validas 18: cantidad de ofertas rechazadas = 18 
DATE:2/5/2016 23:55:3-USER:-CMD:ProcesarOfertas-TYPE:INFO-MSJ:Archivo a procesar: 3745_20160427.csv 
DATE:2/5/2016 23:55:4-USER:-CMD:ProcesarOfertas-TYPE:INFO-MSJ:Registros leidos = 10: cantidad de ofertas validas 7: cantidad de ofertas rechazadas = 3 
DATE:2/5/2016 23:55:4-USER:-CMD:ProcesarOfertas-TYPE:INFO-MSJ:Archivo a procesar: 3746_20160420.csv 
DATE:2/5/2016 23:55:4-USER:-CMD:ProcesarOfertas-TYPE:INFO-MSJ:Registros leidos = 15: cantidad de ofertas validas 6: cantidad de ofertas rechazadas = 9 
DATE:2/5/2016 23:55:4-USER:-CMD:ProcesarOfertas-TYPE:INFO-MSJ:Archivo a procesar: 3748_20160420.csv 
DATE:2/5/2016 23:55:9-USER:-CMD:ProcesarOfertas-TYPE:INFO-MSJ:Registros leidos = 183: cantidad de ofertas validas 123: cantidad de ofertas rechazadas = 60 
DATE:2/5/2016 23:55:9-USER:-CMD:ProcesarOfertas-TYPE:INFO-MSJ:Archivo a procesar: 3750_20160420.csv 
DATE:2/5/2016 23:55:10-USER:-CMD:ProcesarOfertas-TYPE:INFO-MSJ:Registros leidos = 30: cantidad de ofertas validas 22: cantidad de ofertas rechazadas = 8 
DATE:2/5/2016 23:55:10-USER:-CMD:ProcesarOfertas-TYPE:INFO-MSJ:Archivo a procesar: 3753_20160430.csv 
DATE:2/5/2016 23:55:11-USER:-CMD:ProcesarOfertas-TYPE:INFO-MSJ:Registros leidos = 40: cantidad de ofertas validas 21: cantidad de ofertas rechazadas = 19 
DATE:2/5/2016 23:55:11-USER:-CMD:ProcesarOfertas-TYPE:INFO-MSJ:Archivo a procesar: 3754_20160502.csv 
DATE:2/5/2016 23:55:12-USER:-CMD:ProcesarOfertas-TYPE:INFO-MSJ:Registros leidos = 38: cantidad de ofertas validas 26: cantidad de ofertas rechazadas = 12 
DATE:2/5/2016 23:55:12-USER:-CMD:ProcesarOfertas-TYPE:INFO-MSJ:Archivo a procesar: 3763_20160502.csv 
DATE:2/5/2016 23:55:12-USER:-CMD:ProcesarOfertas-TYPE:INFO-MSJ:Registros leidos = 16: cantidad de ofertas validas 12: cantidad de ofertas rechazadas = 4 
DATE:2/5/2016 23:55:12-USER:-CMD:ProcesarOfertas-TYPE:INFO-MSJ:Archivo a procesar: 3769_20160502.csv 
DATE:2/5/2016 23:55:13-USER:-CMD:ProcesarOfertas-TYPE:INFO-MSJ:Registros leidos = 43: cantidad de ofertas validas 28: cantidad de ofertas rechazadas = 15 
DATE:2/5/2016 23:55:13-USER:-CMD:ProcesarOfertas-TYPE:INFO-MSJ:Archivo a procesar: 3778_20160502.csv 
DATE:2/5/2016 23:55:16-USER:-CMD:ProcesarOfertas-TYPE:INFO-MSJ:Registros leidos = 104: cantidad de ofertas validas 74: cantidad de ofertas rechazadas = 30 
DATE:2/5/2016 23:55:16-USER:-CMD:ProcesarOfertas-TYPE:INFO-MSJ:Archivos procesados: 21: Archivos rechazados: 2 
DATE:2/5/2016 23:55:16-USER:-CMD:ProcesarOfertas-TYPE:INFO-MSJ:Fin de ProcesarOfertas 
